<?xml version="1.0" encoding="UTF-8"?>
<testng-results ignored="0" total="1" passed="1" failed="0" skipped="0">
  <reporter-output>
  </reporter-output>
  <suite started-at="2023-12-11T11:56:15 EST" name="Default suite" finished-at="2023-12-11T11:56:26 EST" duration-ms="11313">
    <groups>
    </groups>
    <test started-at="2023-12-11T11:56:15 EST" name="Default test" finished-at="2023-12-11T11:56:26 EST" duration-ms="11313">
      <class name="bgacademy.SwipeDemo">
        <test-method is-config="true" signature="ConfigureAppium()[pri:0, instance:bgacademy.SwipeDemo@313ac989]" started-at="2023-12-11T11:56:15 EST" name="ConfigureAppium" finished-at="2023-12-11T11:56:22 EST" duration-ms="6459" status="PASS">
          <reporter-output>
          </reporter-output>
        </test-method> <!-- ConfigureAppium -->
        <test-method signature="ScrollDemoTest()[pri:0, instance:bgacademy.SwipeDemo@313ac989]" started-at="2023-12-11T11:56:22 EST" name="ScrollDemoTest" finished-at="2023-12-11T11:56:26 EST" duration-ms="4486" status="PASS">
          <reporter-output>
          </reporter-output>
        </test-method> <!-- ScrollDemoTest -->
        <test-method is-config="true" signature="tearDown()[pri:0, instance:bgacademy.SwipeDemo@313ac989]" started-at="2023-12-11T11:56:26 EST" name="tearDown" finished-at="2023-12-11T11:56:26 EST" duration-ms="334" status="PASS">
          <reporter-output>
          </reporter-output>
        </test-method> <!-- tearDown -->
      </class> <!-- bgacademy.SwipeDemo -->
    </test> <!-- Default test -->
  </suite> <!-- Default suite -->
</testng-results>
