<?xml version="1.0" encoding="UTF-8"?>
<testng-results ignored="0" total="1" passed="1" failed="0" skipped="0">
  <reporter-output>
  </reporter-output>
  <suite started-at="2023-12-19T02:59:51 EST" name="Default suite" finished-at="2023-12-19T03:00:09 EST" duration-ms="17447">
    <groups>
    </groups>
    <test started-at="2023-12-19T02:59:51 EST" name="Default test" finished-at="2023-12-19T03:00:09 EST" duration-ms="17447">
      <class name="bgacademy.MobileBrowserTest">
        <test-method is-config="true" signature="ConfigureAppium()[pri:0, instance:bgacademy.MobileBrowserTest@2a3b5b47]" started-at="2023-12-19T02:59:51 EST" name="ConfigureAppium" finished-at="2023-12-19T03:00:05 EST" duration-ms="13648" status="PASS">
          <reporter-output>
          </reporter-output>
        </test-method> <!-- ConfigureAppium -->
        <test-method signature="browserTest()[pri:0, instance:bgacademy.MobileBrowserTest@2a3b5b47]" started-at="2023-12-19T03:00:05 EST" name="browserTest" finished-at="2023-12-19T03:00:08 EST" duration-ms="3230" status="PASS">
          <reporter-output>
          </reporter-output>
        </test-method> <!-- browserTest -->
        <test-method is-config="true" signature="tearDown()[pri:0, instance:bgacademy.MobileBrowserTest@2a3b5b47]" started-at="2023-12-19T03:00:08 EST" name="tearDown" finished-at="2023-12-19T03:00:09 EST" duration-ms="537" status="PASS">
          <reporter-output>
          </reporter-output>
        </test-method> <!-- tearDown -->
      </class> <!-- bgacademy.MobileBrowserTest -->
    </test> <!-- Default test -->
  </suite> <!-- Default suite -->
</testng-results>
